<?xml version="1.0" encoding="UTF-8"?>
<!-- Generated by org.testng.reporters.JUnitReportReporter -->
<testsuite hostname="bhavna" failures="0" tests="2" name="TestNgAllMethods.ParallelTestDemo" time="15.084" errors="0" timestamp="2023-09-23T09:33:20 IST" skipped="0">
  <testcase classname="TestNgAllMethods.ParallelTestDemo" name="VerifyTitle" time="4.819"/>
  <system-out/>
  <testcase classname="TestNgAllMethods.ParallelTestDemo" name="VerifyLogo" time="10.265"/>
  <system-out/>
</testsuite> <!-- TestNgAllMethods.ParallelTestDemo -->
