<?xml version="1.0" encoding="UTF-8"?>
<!-- Generated by org.testng.reporters.JUnitReportReporter -->
<testsuite hostname="bhavna" failures="0" tests="1" name="TestNgAllMethods.AutoMobile" time="0.001" errors="0" timestamp="2023-09-16T17:02:09 IST" skipped="0">
  <testcase classname="TestNgAllMethods.AutoMobile" name="Test1" time="0.001"/>
  <system-out/>
</testsuite> <!-- TestNgAllMethods.AutoMobile -->
