<?xml version="1.0" encoding="UTF-8"?>
<!-- Generated by org.testng.reporters.JUnitReportReporter -->
<testsuite hostname="bhavna" failures="0" tests="3" name="TestNgAllMethods.DataProviderDemo" time="43.960" errors="0" timestamp="2023-09-23T09:34:49 IST" skipped="0">
  <testcase classname="TestNgAllMethods.DataProviderDemo" name="TestCaseGoogleSearch" time="10.193"/>
  <system-out/>
  <testcase classname="TestNgAllMethods.DataProviderDemo" name="TestCaseGoogleSearch" time="25.596"/>
  <system-out/>
  <testcase classname="TestNgAllMethods.DataProviderDemo" name="TestCaseGoogleSearch" time="8.171"/>
  <system-out/>
</testsuite> <!-- TestNgAllMethods.DataProviderDemo -->
